#
# A fatal error has been detected by the Java Runtime Environment:
#
#  EXCEPTION_ACCESS_VIOLATION (0xc0000005) at pc=0x0000000053572b18, pid=23992, tid=24488
#
# JRE version: Java(TM) SE Runtime Environment (8.0_45-b14) (build 1.8.0_45-b14)
# Java VM: Java HotSpot(TM) 64-Bit Server VM (25.45-b02 mixed mode windows-amd64 compressed oops)
# Problematic frame:
# V  [jvm.dll+0x112b18]
#
# Failed to write core dump. Minidumps are not enabled by default on client versions of Windows
#
# If you would like to submit a bug report, please visit:
#   http://bugreport.java.com/bugreport/crash.jsp
#

---------------  T H R E A D  ---------------

Current thread (0x0000000002ae6800):  GCTaskThread [stack: 0x0000000012010000,0x0000000012110000] [id=24488]

siginfo: ExceptionCode=0xc0000005, reading address 0xffffffffffffffff

Registers:
RAX=0x0000000012410000, RBX=0x0000000000005000, RCX=0x0000000000000000, RDX=0x0000000000000000
RSP=0x000000001210fb10, RBP=0x00000000e95870bc, RSI=0x0000000002bba930, RDI=0x0000000002bba930
R8 =0x007fffffff8c0028, R9 =0x0000000100148950, R10=0x000000000000000c, R11=0x0000000053a549c8
R12=0x00000000e95870c8, R13=0x0000000100148b40, R14=0x0000000100148b48, R15=0x00000000e95870a8
RIP=0x0000000053572b18, EFLAGS=0x0000000000010246

Top of Stack: (sp=0x000000001210fb10)
0x000000001210fb10:   0000000100148950 00000000e958706c
0x000000001210fb20:   0000000002bba930 0000000053679a62
0x000000001210fb30:   0000000000000000 00000000000003d8
0x000000001210fb40:   0000000002ae7168 0000000002ae1850
0x000000001210fb50:   0000000000000345 000000005384f680
0x000000001210fb60:   0000000002bba930 0000000002b6fad0
0x000000001210fb70:   0000000002bba930 0000000002ae6d90
0x000000001210fb80:   0000000000000000 0000000000000c00
0x000000001210fb90:   0000000000000000 0000000000000000
0x000000001210fba0:   0000000000000000 0000000016280800
0x000000001210fbb0:   0000000000000001 000012a800000e01
0x000000001210fbc0:   000086841097b788 0000000002ae7168
0x000000001210fbd0:   0000000002ae6d90 00000000000003d8
0x000000001210fbe0:   0000000002ae6d90 0000000002ae1850
0x000000001210fbf0:   0000000002ae6d80 0000000002b6fad0
0x000000001210fc00:   0000000002bba930 000000005384c4d3 

Instructions: (pc=0x0000000053572b18)
0x0000000053572af8:   05 43 15 6f 00 49 c1 e8 03 49 d3 e8 41 0f b6 c0
0x0000000053572b08:   49 c1 e8 06 24 3f 0f b6 d0 48 8b 05 58 15 6f 00
0x0000000053572b18:   4a 8b 0c c0 48 0f a3 d1 0f 82 59 01 00 00 0f b6
0x0000000053572b28:   15 b4 71 6e 00 84 d2 74 16 44 8b 43 08 8b 0d 6d 


Register to memory mapping:

RAX=0x0000000012410000 is an unknown value
RBX=0x0000000000005000 is an unknown value
RCX=0x0000000000000000 is an unknown value
RDX=0x0000000000000000 is an unknown value
RSP=0x000000001210fb10 is an unknown value
RBP=0x00000000e95870bc is pointing into object: 0x00000000e95870a8
java.lang.invoke.LambdaForm$Name 
 - klass: 'java/lang/invoke/LambdaForm$Name'
RSI=0x0000000002bba930 is an unknown value
RDI=0x0000000002bba930 is an unknown value
R8 =0x007fffffff8c0028 is an unknown value
R9 =0x0000000100148950 is pointing into metadata
R10=0x000000000000000c is an unknown value
R11=0x0000000053a549c8 is an unknown value
R12=0x00000000e95870c8 is an oop
java.lang.invoke.LambdaForm$Name 
 - klass: 'java/lang/invoke/LambdaForm$Name'
R13=0x0000000100148b40 is pointing into metadata
R14=0x0000000100148b48 is pointing into metadata
R15=0x00000000e95870a8 is an oop
java.lang.invoke.LambdaForm$Name 
 - klass: 'java/lang/invoke/LambdaForm$Name'


Stack: [0x0000000012010000,0x0000000012110000],  sp=0x000000001210fb10,  free space=1022k
Native frames: (J=compiled Java code, j=interpreted, Vv=VM code, C=native code)
V  [jvm.dll+0x112b18]
V  [jvm.dll+0x3ef680]
V  [jvm.dll+0x3ec4d3]
V  [jvm.dll+0x3ea33e]
V  [jvm.dll+0x29853a]
C  [msvcr100.dll+0x21d9f]
C  [msvcr100.dll+0x21e3b]
C  [KERNEL32.DLL+0x13d2]
C  [ntdll.dll+0x15444]


---------------  P R O C E S S  ---------------

Java Threads: ( => current thread )
  0x000000001655c000 JavaThread "Image Fetcher 0" daemon [_thread_blocked, id=23768, stack(0x0000000018950000,0x0000000018a50000)]
  0x0000000016280800 JavaThread "AWT-Windows" daemon [_thread_in_native, id=23596, stack(0x0000000018a50000,0x0000000018b50000)]
  0x000000001627f000 JavaThread "Java2D Disposer" daemon [_thread_blocked, id=13172, stack(0x0000000018850000,0x0000000018950000)]
  0x00000000152e0000 JavaThread "Service Thread" daemon [_thread_blocked, id=23100, stack(0x00000000156c0000,0x00000000157c0000)]
  0x0000000013a73000 JavaThread "C1 CompilerThread2" daemon [_thread_blocked, id=21304, stack(0x00000000151c0000,0x00000000152c0000)]
  0x0000000013a70000 JavaThread "C2 CompilerThread1" daemon [_thread_blocked, id=23860, stack(0x00000000150c0000,0x00000000151c0000)]
  0x0000000013a6d000 JavaThread "C2 CompilerThread0" daemon [_thread_blocked, id=14692, stack(0x0000000014fc0000,0x00000000150c0000)]
  0x0000000013a6b000 JavaThread "Attach Listener" daemon [_thread_blocked, id=23732, stack(0x0000000014ec0000,0x0000000014fc0000)]
  0x0000000013a6a800 JavaThread "Signal Dispatcher" daemon [_thread_blocked, id=21588, stack(0x0000000014dc0000,0x0000000014ec0000)]
  0x0000000013a39000 JavaThread "Finalizer" daemon [_thread_blocked, id=22708, stack(0x0000000014cc0000,0x0000000014dc0000)]
  0x0000000002bc0800 JavaThread "Reference Handler" daemon [_thread_blocked, id=14512, stack(0x0000000014bc0000,0x0000000014cc0000)]
  0x0000000002ad0800 JavaThread "main" [_thread_blocked, id=23740, stack(0x00000000028d0000,0x00000000029d0000)]

Other Threads:
  0x0000000013a38000 VMThread [stack: 0x0000000014ac0000,0x0000000014bc0000] [id=22664]
  0x00000000152f1000 WatcherThread [stack: 0x00000000157c0000,0x00000000158c0000] [id=21048]

=>0x0000000002ae6800 (exited) GCTaskThread [stack: 0x0000000012010000,0x0000000012110000] [id=24488]

VM state:at safepoint (normal execution)

VM Mutex/Monitor currently owned by a thread:  ([mutex/lock_event])
[0x0000000002acba10] Threads_lock - owner thread: 0x0000000013a38000
[0x0000000002acc310] Heap_lock - owner thread: 0x0000000002ad0800

Heap:
 PSYoungGen      total 76800K, used 181K [0x00000000f8000000, 0x00000000fea00000, 0x0000000100000000)
  eden space 64512K, 0% used [0x00000000f8000000,0x00000000f8000000,0x00000000fbf00000)
  from space 12288K, 1% used [0x00000000fbf00000,0x00000000fbf2d7d0,0x00000000fcb00000)
  to   space 12288K, 0% used [0x00000000fde00000,0x00000000fde00000,0x00000000fea00000)
 ParOldGen       total 54784K, used 49423K [0x00000000e8000000, 0x00000000eb580000, 0x00000000f8000000)
  object space 54784K, 90% used [0x00000000e8000000,0x00000000eb043d30,0x00000000eb580000)
 Metaspace       used 20180K, capacity 21168K, committed 21296K, reserved 1069056K
  class space    used 1984K, capacity 2148K, committed 2176K, reserved 1048576K

Card table byte_map: [0x00000000029d0000,0x0000000002aa0000] byte_map_base: 0x0000000002290000

Marking Bits: (ParMarkBitMap*) 0x0000000053c64040
 Begin Bits: [0x0000000012410000, 0x0000000012a10000)
 End Bits:   [0x0000000012a10000, 0x0000000013010000)

Polling page: 0x0000000000f90000

CodeCache: size=245760Kb used=23381Kb max_used=23391Kb free=222378Kb
 bounds [0x0000000002bd0000, 0x00000000042d0000, 0x0000000011bd0000]
 total_blobs=4957 nmethods=4483 adapters=385
 compilation: enabled

Compilation events (10 events):
Event: 177797.792 Thread 0x0000000013a70000 nmethod 5943 0x0000000004282950 code [0x0000000004282aa0, 0x0000000004282b78]
Event: 177797.797 Thread 0x0000000013a73000 5944       3       flash.swf.builder.tags.FontBuilder::addChar (75 bytes)
Event: 177797.851 Thread 0x0000000013a73000 nmethod 5944 0x0000000004292010 code [0x00000000042921e0, 0x00000000042928d8]
Event: 177798.998 Thread 0x0000000013a6d000 5945 %     4       flash.fonts.flashtype.ADFAlgnZones::DetermineEdges @ 18 (307 bytes)
Event: 177799.000 Thread 0x0000000013a70000 5946       4       com.adobe.fontengine.font.FontByteArray::getSignedRawByte (54 bytes)
Event: 177799.003 Thread 0x0000000013a70000 nmethod 5946 0x0000000004290690 code [0x00000000042907e0, 0x0000000004290938]
Event: 177799.074 Thread 0x0000000013a73000 5947       3       flash.fonts.flashtype.ADF::ADFSetGlyphScaleAndOffset (121 bytes)
Event: 177799.090 Thread 0x0000000013a73000 nmethod 5947 0x0000000004291a10 code [0x0000000004291bc0, 0x0000000004291ed0]
Event: 177799.091 Thread 0x0000000013a73000 5948       3       com.adobe.fontengine.font.opentype.TTParser::emitContours (151 bytes)
Event: 177799.099 Thread 0x0000000013a70000 5951 %     4       flash.fonts.flashtype.ADF::CTBuildClusterTree @ 98 (545 bytes)

GC Heap History (10 events):
Event: 7171.958 GC heap after
Heap after GC invocations=21 (full 0):
 PSYoungGen      total 74752K, used 4486K [0x00000000f8000000, 0x00000000fdb80000, 0x0000000100000000)
  eden space 70144K, 0% used [0x00000000f8000000,0x00000000f8000000,0x00000000fc480000)
  from space 4608K, 97% used [0x00000000fc700000,0x00000000fcb618a0,0x00000000fcb80000)
  to   space 11776K, 0% used [0x00000000fd000000,0x00000000fd000000,0x00000000fdb80000)
 ParOldGen       total 54784K, used 35414K [0x00000000e8000000, 0x00000000eb580000, 0x00000000f8000000)
  object space 54784K, 64% used [0x00000000e8000000,0x00000000ea295bb8,0x00000000eb580000)
 Metaspace       used 20149K, capacity 21168K, committed 21296K, reserved 1069056K
  class space    used 1983K, capacity 2148K, committed 2176K, reserved 1048576K
}
Event: 85855.830 GC heap before
{Heap before GC invocations=22 (full 0):
 PSYoungGen      total 74752K, used 74630K [0x00000000f8000000, 0x00000000fdb80000, 0x0000000100000000)
  eden space 70144K, 100% used [0x00000000f8000000,0x00000000fc480000,0x00000000fc480000)
  from space 4608K, 97% used [0x00000000fc700000,0x00000000fcb618a0,0x00000000fcb80000)
  to   space 11776K, 0% used [0x00000000fd000000,0x00000000fd000000,0x00000000fdb80000)
 ParOldGen       total 54784K, used 35414K [0x00000000e8000000, 0x00000000eb580000, 0x00000000f8000000)
  object space 54784K, 64% used [0x00000000e8000000,0x00000000ea295bb8,0x00000000eb580000)
 Metaspace       used 20159K, capacity 21168K, committed 21296K, reserved 1069056K
  class space    used 1983K, capacity 2148K, committed 2176K, reserved 1048576K
Event: 87313.611 GC heap after
Heap after GC invocations=22 (full 0):
 PSYoungGen      total 76800K, used 1442K [0x00000000f8000000, 0x00000000fd900000, 0x0000000100000000)
  eden space 67584K, 0% used [0x00000000f8000000,0x00000000f8000000,0x00000000fc200000)
  from space 9216K, 15% used [0x00000000fd000000,0x00000000fd168a80,0x00000000fd900000)
  to   space 11776K, 0% used [0x00000000fc200000,0x00000000fc200000,0x00000000fcd80000)
 ParOldGen       total 54784K, used 35498K [0x00000000e8000000, 0x00000000eb580000, 0x00000000f8000000)
  object space 54784K, 64% used [0x00000000e8000000,0x00000000ea2aabc8,0x00000000eb580000)
 Metaspace       used 20159K, capacity 21168K, committed 21296K, reserved 1069056K
  class space    used 1983K, capacity 2148K, committed 2176K, reserved 1048576K
}
Event: 177782.973 GC heap before
{Heap before GC invocations=23 (full 0):
 PSYoungGen      total 76800K, used 69026K [0x00000000f8000000, 0x00000000fd900000, 0x0000000100000000)
  eden space 67584K, 100% used [0x00000000f8000000,0x00000000fc200000,0x00000000fc200000)
  from space 9216K, 15% used [0x00000000fd000000,0x00000000fd168a80,0x00000000fd900000)
  to   space 11776K, 0% used [0x00000000fc200000,0x00000000fc200000,0x00000000fcd80000)
 ParOldGen       total 54784K, used 35498K [0x00000000e8000000, 0x00000000eb580000, 0x00000000f8000000)
  object space 54784K, 64% used [0x00000000e8000000,0x00000000ea2aabc8,0x00000000eb580000)
 Metaspace       used 20171K, capacity 21168K, committed 21296K, reserved 1069056K
  class space    used 1984K, capacity 2148K, committed 2176K, reserved 1048576K
Event: 177785.643 GC heap after
Heap after GC invocations=23 (full 0):
 PSYoungGen      total 71168K, used 5983K [0x00000000f8000000, 0x00000000fd680000, 0x0000000100000000)
  eden space 65024K, 0% used [0x00000000f8000000,0x00000000f8000000,0x00000000fbf80000)
  from space 6144K, 97% used [0x00000000fc200000,0x00000000fc7d7d60,0x00000000fc800000)
  to   space 11776K, 0% used [0x00000000fcb00000,0x00000000fcb00000,0x00000000fd680000)
 ParOldGen       total 54784K, used 36791K [0x00000000e8000000, 0x00000000eb580000, 0x00000000f8000000)
  object space 54784K, 67% used [0x00000000e8000000,0x00000000ea3edfc8,0x00000000eb580000)
 Metaspace       used 20171K, capacity 21168K, committed 21296K, reserved 1069056K
  class space    used 1984K, capacity 2148K, committed 2176K, reserved 1048576K
}
Event: 177797.887 GC heap before
{Heap before GC invocations=24 (full 0):
 PSYoungGen      total 71168K, used 71007K [0x00000000f8000000, 0x00000000fd680000, 0x0000000100000000)
  eden space 65024K, 100% used [0x00000000f8000000,0x00000000fbf80000,0x00000000fbf80000)
  from space 6144K, 97% used [0x00000000fc200000,0x00000000fc7d7d60,0x00000000fc800000)
  to   space 11776K, 0% used [0x00000000fcb00000,0x00000000fcb00000,0x00000000fd680000)
 ParOldGen       total 54784K, used 36791K [0x00000000e8000000, 0x00000000eb580000, 0x00000000f8000000)
  object space 54784K, 67% used [0x00000000e8000000,0x00000000ea3edfc8,0x00000000eb580000)
 Metaspace       used 20180K, capacity 21168K, committed 21296K, reserved 1069056K
  class space    used 1984K, capacity 2148K, committed 2176K, reserved 1048576K
Event: 177798.924 GC heap after
Heap after GC invocations=24 (full 0):
 PSYoungGen      total 76288K, used 7819K [0x00000000f8000000, 0x00000000ff100000, 0x0000000100000000)
  eden space 64512K, 0% used [0x00000000f8000000,0x00000000f8000000,0x00000000fbf00000)
  from space 11776K, 66% used [0x00000000fcb00000,0x00000000fd2a2ce8,0x00000000fd680000)
  to   space 12288K, 0% used [0x00000000fbf00000,0x00000000fbf00000,0x00000000fcb00000)
 ParOldGen       total 54784K, used 41679K [0x00000000e8000000, 0x00000000eb580000, 0x00000000f8000000)
  object space 54784K, 76% used [0x00000000e8000000,0x00000000ea8b3ca8,0x00000000eb580000)
 Metaspace       used 20180K, capacity 21168K, committed 21296K, reserved 1069056K
  class space    used 1984K, capacity 2148K, committed 2176K, reserved 1048576K
}
Event: 177799.126 GC heap before
{Heap before GC invocations=25 (full 0):
 PSYoungGen      total 76288K, used 72331K [0x00000000f8000000, 0x00000000ff100000, 0x0000000100000000)
  eden space 64512K, 100% used [0x00000000f8000000,0x00000000fbf00000,0x00000000fbf00000)
  from space 11776K, 66% used [0x00000000fcb00000,0x00000000fd2a2ce8,0x00000000fd680000)
  to   space 12288K, 0% used [0x00000000fbf00000,0x00000000fbf00000,0x00000000fcb00000)
 ParOldGen       total 54784K, used 41679K [0x00000000e8000000, 0x00000000eb580000, 0x00000000f8000000)
  object space 54784K, 76% used [0x00000000e8000000,0x00000000ea8b3ca8,0x00000000eb580000)
 Metaspace       used 20180K, capacity 21168K, committed 21296K, reserved 1069056K
  class space    used 1984K, capacity 2148K, committed 2176K, reserved 1048576K
Event: 177799.234 GC heap after
Heap after GC invocations=25 (full 0):
 PSYoungGen      total 76800K, used 181K [0x00000000f8000000, 0x00000000fea00000, 0x0000000100000000)
  eden space 64512K, 0% used [0x00000000f8000000,0x00000000f8000000,0x00000000fbf00000)
  from space 12288K, 1% used [0x00000000fbf00000,0x00000000fbf2d7d0,0x00000000fcb00000)
  to   space 12288K, 0% used [0x00000000fde00000,0x00000000fde00000,0x00000000fea00000)
 ParOldGen       total 54784K, used 49423K [0x00000000e8000000, 0x00000000eb580000, 0x00000000f8000000)
  object space 54784K, 90% used [0x00000000e8000000,0x00000000eb043d30,0x00000000eb580000)
 Metaspace       used 20180K, capacity 21168K, committed 21296K, reserved 1069056K
  class space    used 1984K, capacity 2148K, committed 2176K, reserved 1048576K
}
Event: 177799.241 GC heap before
{Heap before GC invocations=26 (full 1):
 PSYoungGen      total 76800K, used 181K [0x00000000f8000000, 0x00000000fea00000, 0x0000000100000000)
  eden space 64512K, 0% used [0x00000000f8000000,0x00000000f8000000,0x00000000fbf00000)
  from space 12288K, 1% used [0x00000000fbf00000,0x00000000fbf2d7d0,0x00000000fcb00000)
  to   space 12288K, 0% used [0x00000000fde00000,0x00000000fde00000,0x00000000fea00000)
 ParOldGen       total 54784K, used 49423K [0x00000000e8000000, 0x00000000eb580000, 0x00000000f8000000)
  object space 54784K, 90% used [0x00000000e8000000,0x00000000eb043d30,0x00000000eb580000)
 Metaspace       used 20180K, capacity 21168K, committed 21296K, reserved 1069056K
  class space    used 1984K, capacity 2148K, committed 2176K, reserved 1048576K

Deoptimization events (10 events):
Event: 177794.035 Thread 0x0000000002ad0800 Uncommon trap: reason=unstable_if action=reinterpret pc=0x0000000003002044 method=macromedia.asc.semantics.ConstantEvaluator.PreprocessDefinitionTypeInfo(Lmacromedia/asc/util/Context;Lmacromedia/asc/parser/VariableBindingNode;)V @ 4
Event: 177794.201 Thread 0x0000000002ad0800 Uncommon trap: reason=unstable_if action=reinterpret pc=0x00000000041fc4fc method=flex2.compiler.abc.AbcCompiler.analyze4(Lflex2/compiler/CompilationUnit;Lflex2/compiler/SymbolTable;)V @ 71
Event: 177794.303 Thread 0x0000000002ad0800 Uncommon trap: reason=unstable_if action=reinterpret pc=0x00000000034468fc method=macromedia.asc.embedding.avmplus.ActionBlockEmitter.getDoubleValueOrInt(Ljava/lang/String;Z[Lmacromedia/asc/semantics/TypeValue;)Lmacromedia/asc/util/NumberConstant; @ 10
Event: 177794.524 Thread 0x0000000002ad0800 Uncommon trap: reason=unstable_if action=reinterpret pc=0x000000000335ba74 method=flex2.compiler.abc.AbcCompiler.generate(Lflex2/compiler/CompilationUnit;Lflex2/compiler/SymbolTable;)V @ 27
Event: 177795.676 Thread 0x000000001655c000 Uncommon trap: reason=predicate action=maybe_recompile pc=0x0000000003b40828 method=sun.awt.image.PNGImageDecoder.produceImage()V @ 870
Event: 177795.867 Thread 0x0000000002ad0800 Uncommon trap: reason=unstable_if action=reinterpret pc=0x0000000004158780 method=java.lang.Integer.parseInt(Ljava/lang/String;I)I @ 197
Event: 177796.596 Thread 0x0000000002ad0800 Uncommon trap: reason=unstable_if action=reinterpret pc=0x00000000032565f8 method=flash.util.IntMap.put(ILjava/lang/Object;)Ljava/lang/Object; @ 4
Event: 177796.661 Thread 0x0000000002ad0800 Uncommon trap: reason=unstable_if action=reinterpret pc=0x000000000328028c method=flash.util.IntMapLRUCache.get(I)Ljava/lang/Object; @ 21
Event: 177796.674 Thread 0x0000000002ad0800 Uncommon trap: reason=unstable_if action=reinterpret pc=0x000000000327e244 method=flash.util.IntMapLRUCache.get(I)Ljava/lang/Object; @ 10
Event: 177796.793 Thread 0x0000000002ad0800 Uncommon trap: reason=unstable_if action=reinterpret pc=0x00000000032745f4 method=flash.util.IntMapLRUCache.get(I)Ljava/lang/Object; @ 10

Internal exceptions (10 events):
Event: 176825.465 Thread 0x0000000002ad0800 Exception <a 'java/lang/NullPointerException'> (0x00000000fb488010) thrown at [C:\re\workspace\8-2-build-windows-amd64-cygwin\jdk8u45\3457\hotspot\src\share\vm\runtime\sharedRuntime.cpp, line 605]
Event: 176825.488 Thread 0x0000000002ad0800 Implicit null exception at 0x0000000002df9614 to 0x0000000002df9939
Event: 177776.507 Thread 0x0000000002ad0800 Exception <a 'java/lang/ClassNotFoundException': sun/net/www/protocol/c/Handler> (0x00000000fb56c9e0) thrown at [C:\re\workspace\8-2-build-windows-amd64-cygwin\jdk8u45\3457\hotspot\src\share\vm\classfile\systemDictionary.cpp, line 210]
Event: 177776.836 Thread 0x0000000002ad0800 Implicit null exception at 0x0000000003571d37 to 0x0000000003572155
Event: 177789.124 Thread 0x0000000002ad0800 Implicit null exception at 0x0000000003f9c39e to 0x0000000003fa19bd
Event: 177791.357 Thread 0x0000000002ad0800 Implicit null exception at 0x0000000003086b59 to 0x0000000003086c3d
Event: 177794.035 Thread 0x0000000002ad0800 Implicit null exception at 0x0000000002fffe50 to 0x0000000003002019
Event: 177795.664 Thread 0x000000001655c000 Implicit null exception at 0x0000000003b418e3 to 0x0000000003b407b5
Event: 177796.661 Thread 0x0000000002ad0800 Implicit null exception at 0x000000000327d95f to 0x000000000327e229
Event: 177796.785 Thread 0x0000000002ad0800 Implicit null exception at 0x0000000003273c9e to 0x00000000032745c9

Events (10 events):
Event: 177798.966 Executing VM operation: RevokeBias done
Event: 177798.966 Executing VM operation: RevokeBias
Event: 177798.967 Executing VM operation: RevokeBias done
Event: 177798.967 Executing VM operation: RevokeBias
Event: 177798.967 Executing VM operation: RevokeBias done
Event: 177798.967 Executing VM operation: RevokeBias
Event: 177798.967 Executing VM operation: RevokeBias done
Event: 177798.967 Executing VM operation: BulkRevokeBias
Event: 177798.968 Executing VM operation: BulkRevokeBias done
Event: 177799.124 Executing VM operation: ParallelGCFailedAllocation


Dynamic libraries:
0x00007ff787430000 - 0x00007ff787467000 	C:\ProgramData\Oracle\Java\javapath\java.exe
0x00007ffefefe0000 - 0x00007ffeff18c000 	C:\Windows\SYSTEM32\ntdll.dll
0x00007ffefcea0000 - 0x00007ffefcfde000 	C:\Windows\system32\KERNEL32.DLL
0x00007ffefc540000 - 0x00007ffefc655000 	C:\Windows\system32\KERNELBASE.dll
0x00007ffefacd0000 - 0x00007ffefad5e000 	C:\Windows\system32\apphelp.dll
0x00007ffee1130000 - 0x00007ffee1183000 	C:\Windows\AppPatch\AppPatch64\AcGenral.DLL
0x00007ffefca50000 - 0x00007ffefcafa000 	C:\Windows\system32\msvcrt.dll
0x00007ffefbf60000 - 0x00007ffefbf8e000 	C:\Windows\SYSTEM32\SspiCli.dll
0x00007ffefebc0000 - 0x00007ffefec14000 	C:\Windows\system32\SHLWAPI.dll
0x00007ffefcd20000 - 0x00007ffefce97000 	C:\Windows\system32\USER32.dll
0x00007ffefcb20000 - 0x00007ffefccb4000 	C:\Windows\system32\ole32.dll
0x00007ffefd3b0000 - 0x00007ffefe8c8000 	C:\Windows\system32\SHELL32.dll
0x00007ffefb6d0000 - 0x00007ffefb6f1000 	C:\Windows\SYSTEM32\USERENV.dll
0x00007ffefeb10000 - 0x00007ffefebba000 	C:\Windows\system32\ADVAPI32.dll
0x00007ffef39d0000 - 0x00007ffef39ee000 	C:\Windows\SYSTEM32\MPR.dll
0x00007ffefc840000 - 0x00007ffefc981000 	C:\Windows\system32\RPCRT4.dll
0x00007ffefccc0000 - 0x00007ffefcd19000 	C:\Windows\SYSTEM32\sechost.dll
0x00007ffefd110000 - 0x00007ffefd321000 	C:\Windows\SYSTEM32\combase.dll
0x00007ffefe9b0000 - 0x00007ffefeb01000 	C:\Windows\system32\GDI32.dll
0x00007ffefc130000 - 0x00007ffefc145000 	C:\Windows\SYSTEM32\profapi.dll
0x00007ffefa6a0000 - 0x00007ffefa752000 	C:\Windows\SYSTEM32\SHCORE.dll
0x00007ffefed80000 - 0x00007ffefedb6000 	C:\Windows\system32\IMM32.DLL
0x00007ffefec20000 - 0x00007ffefed72000 	C:\Windows\system32\MSCTF.dll
0x00007ffef7690000 - 0x00007ffef790b000 	C:\Windows\WinSxS\amd64_microsoft.windows.common-controls_6595b64144ccf1df_6.0.9600.17415_none_6240486fecbd8abb\COMCTL32.dll
0x0000000053cf0000 - 0x0000000053dc2000 	C:\Program Files\Java\jre1.8.0_45\bin\msvcr100.dll
0x0000000053460000 - 0x0000000053ce3000 	C:\Program Files\Java\jre1.8.0_45\bin\server\jvm.dll
0x00007ffef16f0000 - 0x00007ffef16f9000 	C:\Windows\SYSTEM32\WSOCK32.dll
0x00007ffef7bb0000 - 0x00007ffef7bd2000 	C:\Windows\SYSTEM32\WINMM.dll
0x00007ffef9e40000 - 0x00007ffef9e4a000 	C:\Windows\SYSTEM32\VERSION.dll
0x00007ffefd3a0000 - 0x00007ffefd3a7000 	C:\Windows\system32\PSAPI.DLL
0x00007ffefef70000 - 0x00007ffefefca000 	C:\Windows\system32\WS2_32.dll
0x00007ffef7b80000 - 0x00007ffef7baa000 	C:\Windows\SYSTEM32\WINMMBASE.dll
0x00007ffefefd0000 - 0x00007ffefefd9000 	C:\Windows\system32\NSI.dll
0x00007ffefc4f0000 - 0x00007ffefc53f000 	C:\Windows\SYSTEM32\cfgmgr32.dll
0x00007ffefaf20000 - 0x00007ffefaf48000 	C:\Windows\SYSTEM32\DEVOBJ.dll
0x00000000552a0000 - 0x00000000552af000 	C:\Program Files\Java\jre1.8.0_45\bin\verify.dll
0x0000000053430000 - 0x0000000053459000 	C:\Program Files\Java\jre1.8.0_45\bin\java.dll
0x0000000053410000 - 0x0000000053426000 	C:\Program Files\Java\jre1.8.0_45\bin\zip.dll
0x0000000053270000 - 0x0000000053408000 	C:\Program Files\Java\jre1.8.0_45\bin\awt.dll
0x00007ffefd040000 - 0x00007ffefd101000 	C:\Windows\system32\OLEAUT32.dll
0x00007ffefada0000 - 0x00007ffefaec9000 	C:\Windows\system32\uxtheme.dll
0x00007ffef8c70000 - 0x00007ffef8c91000 	C:\Windows\system32\dwmapi.dll
0x00007ffefaf70000 - 0x00007ffefaf7b000 	C:\Windows\SYSTEM32\kernel.appcore.dll
0x00007ffefc000000 - 0x00007ffefc00b000 	C:\Windows\SYSTEM32\CRYPTBASE.dll
0x00007ffefbf90000 - 0x00007ffefbff3000 	C:\Windows\SYSTEM32\bcryptPrimitives.dll
0x00007ffedf820000 - 0x00007ffedfa41000 	C:\Windows\system32\d3d9.dll
0x00007ffef9e50000 - 0x00007ffef9f97000 	C:\Windows\SYSTEM32\aticfx64.dll
0x00007ffee4450000 - 0x00007ffee4470000 	C:\Windows\SYSTEM32\atiu9p64.dll
0x00007ffed22a0000 - 0x00007ffed2a24000 	C:\Windows\SYSTEM32\atiumd64.dll
0x0000000054670000 - 0x00000000550dd000 	C:\Windows\SYSTEM32\atiumd6a.dll
0x00007ffeeebc0000 - 0x00007ffeeed4a000 	C:\Windows\SYSTEM32\dbghelp.dll

VM Arguments:
jvm_args: -Xmx384m -Dsun.io.useCanonCaches=false -Duser.language=en -Duser.region=US -Dapplication.home=C:\Users\lilyb_000\AppData\Local\FlashDevelop\Apps\flexsdk\4.6.0 
java_command: C:\Users\lilyb_000\AppData\Local\FlashDevelop\Apps\flexsdk\4.6.0\lib\fcsh.jar
java_class_path (initial): C:\Users\lilyb_000\AppData\Local\FlashDevelop\Apps\flexsdk\4.6.0\lib\fcsh.jar
Launcher Type: SUN_STANDARD

Environment Variables:
PATH=C:\ProgramData\Oracle\Java\javapath;C:\Windows\system32;C:\Windows;C:\Windows\System32\Wbem;C:\Windows\System32\WindowsPowerShell\v1.0\;C:\Program Files\Hewlett-Packard\SimplePass\;C:\Program Files (x86)\ATI Technologies\ATI.ACE\Core-Static;C:\Program Files (x86)\QuickTime\QTSystem\;C:\Program Files (x86)\FlashDevelop\Tools\AppMan
USERNAME=lilyb_000
OS=Windows_NT
PROCESSOR_IDENTIFIER=AMD64 Family 21 Model 48 Stepping 1, AuthenticAMD



---------------  S Y S T E M  ---------------

OS: Windows 8.1 , 64 bit Build 9600 (6.3.9600.17415)

CPU:total 4 (4 cores per cpu, 1 threads per core) family 21 model 48 stepping 1, cmov, cx8, fxsr, mmx, sse, sse2, sse3, ssse3, sse4.1, sse4.2, popcnt, avx, aes, clmul, mmxext, 3dnowpref, lzcnt, sse4a, tsc, tscinvbit, tscinv, bmi1

Memory: 4k page, physical 5212236k(2206508k free), swap 8228908k(2671368k free)

vm_info: Java HotSpot(TM) 64-Bit Server VM (25.45-b02) for windows-amd64 JRE (1.8.0_45-b14), built on Apr 10 2015 10:34:15 by "java_re" with MS VC++ 10.0 (VS2010)

time: Thu May 07 20:41:18 2015
elapsed time: 177802 seconds (2d 1h 23m 22s)

